1678375708446	geckodriver	INFO	Listening on 127.0.0.1:48813
1678375709531	mozrunner::runner	INFO	Running command: "/usr/bin/firefox" "--marionette" "-no-remote" "-profile" "/tmp/rust_mozprofileKMZ9nU"
console.warn: services.settings: Ignoring preference override of remote settings server
console.warn: services.settings: Allow by setting MOZ_REMOTE_SETTINGS_DEVTOOLS=1 in the environment
1678375716766	Marionette	INFO	Marionette enabled
1678375716792	Marionette	INFO	Listening on port 35139
Read port: 35139
Read port: 35139
1678375718363	RemoteAgent	WARN	TLS certificate errors will be ignored for this session
console.error: ({})
console.warn: SearchSettings: "get: No settings file exists, new profile?" (new NotFoundError("Could not open the file at /tmp/rust_mozprofileKMZ9nU/search.json.mozlz4", (void 0)))
console.error: Region.sys.mjs: "Error fetching region" (new AbortError("The operation was aborted. ", (void 0), 762))
console.error: Region.sys.mjs: "Failed to fetch region" (new Error("NO_RESULT", "resource://gre/modules/Region.sys.mjs", 416))
1678375797555	Marionette	INFO	Stopped listening on port 35139
1678375803948	geckodriver	INFO	Listening on 127.0.0.1:44947
1678375805025	mozrunner::runner	INFO	Running command: "/usr/bin/firefox" "--marionette" "-no-remote" "-profile" "/tmp/rust_mozprofileeClJYE"
console.warn: services.settings: Ignoring preference override of remote settings server
console.warn: services.settings: Allow by setting MOZ_REMOTE_SETTINGS_DEVTOOLS=1 in the environment
1678375810360	Marionette	INFO	Marionette enabled
1678375810369	Marionette	INFO	Listening on port 46103
Read port: 46103
1678375810600	RemoteAgent	WARN	TLS certificate errors will be ignored for this session
console.error: ({})
console.warn: SearchSettings: "get: No settings file exists, new profile?" (new NotFoundError("Could not open the file at /tmp/rust_mozprofileeClJYE/search.json.mozlz4", (void 0)))
1678376046231	geckodriver	INFO	Listening on 127.0.0.1:39215
1678376047260	mozrunner::runner	INFO	Running command: "/usr/bin/firefox" "--marionette" "-no-remote" "-profile" "/tmp/rust_mozprofilexM88Ww"
JavaScript error: resource://gre/modules/AsyncShutdown.sys.mjs, line 576: NotFoundError: No such JSWindowActor 'DevToolsFrame'
JavaScript error: resource://gre/modules/AsyncShutdown.sys.mjs, line 576: NotFoundError: No such JSWindowActor 'DevToolsFrame'
JavaScript error: resource://gre/modules/AsyncShutdown.sys.mjs, line 576: NotFoundError: No such JSWindowActor 'DevToolsFrame'
JavaScript error: resource://gre/modules/AsyncShutdown.sys.mjs, line 576: NotFoundError: No such JSWindowActor 'DevToolsFrame'
1678376048648	Marionette	INFO	Stopped listening on port 46103
console.warn: services.settings: Ignoring preference override of remote settings server
console.warn: services.settings: Allow by setting MOZ_REMOTE_SETTINGS_DEVTOOLS=1 in the environment
1678376053516	Marionette	INFO	Marionette enabled
1678376053523	Marionette	INFO	Listening on port 38915
Read port: 38915
1678376054283	RemoteAgent	WARN	TLS certificate errors will be ignored for this session
console.error: ({})
console.warn: SearchSettings: "get: No settings file exists, new profile?" (new NotFoundError("Could not open the file at /tmp/rust_mozprofilexM88Ww/search.json.mozlz4", (void 0)))
console.warn: LoginRecipes: "Falling back to a synchronous message for: https://twitter.com."
1678376087585	Marionette	INFO	Stopped listening on port 38915
JavaScript error: https://abs.twimg.com/responsive-web/client-web/vendor.6542017a.js, line 74: TypeError: can't access dead object
JavaScript error: https://abs.twimg.com/responsive-web/client-web/main.5f6657da.js, line 1: TypeError: can't access dead object
1678376228177	geckodriver	INFO	Listening on 127.0.0.1:50129
1678376229177	mozrunner::runner	INFO	Running command: "/usr/bin/firefox" "--marionette" "-no-remote" "-profile" "/tmp/rust_mozprofileKSYm5Y"
console.warn: services.settings: Ignoring preference override of remote settings server
console.warn: services.settings: Allow by setting MOZ_REMOTE_SETTINGS_DEVTOOLS=1 in the environment
1678376232530	Marionette	INFO	Marionette enabled
1678376232537	Marionette	INFO	Listening on port 42861
Read port: 42861
1678376232734	RemoteAgent	WARN	TLS certificate errors will be ignored for this session
console.error: ({})
console.warn: SearchSettings: "get: No settings file exists, new profile?" (new NotFoundError("Could not open the file at /tmp/rust_mozprofileKSYm5Y/search.json.mozlz4", (void 0)))
console.warn: LoginRecipes: "Falling back to a synchronous message for: https://twitter.com."
1678376355783	geckodriver	INFO	Listening on 127.0.0.1:54961
1678376356522	mozrunner::runner	INFO	Running command: "/usr/bin/firefox" "--marionette" "-no-remote" "-profile" "/tmp/rust_mozprofilew2aH9i"
console.warn: services.settings: Ignoring preference override of remote settings server
console.warn: services.settings: Allow by setting MOZ_REMOTE_SETTINGS_DEVTOOLS=1 in the environment
1678376369331	Marionette	INFO	Marionette enabled
1678376369358	Marionette	INFO	Listening on port 46113
Read port: 46113
Read port: 46113
1678376371141	RemoteAgent	WARN	TLS certificate errors will be ignored for this session
console.error: ({})
console.warn: SearchSettings: "get: No settings file exists, new profile?" (new NotFoundError("Could not open the file at /tmp/rust_mozprofilew2aH9i/search.json.mozlz4", (void 0)))
console.warn: LoginRecipes: "Falling back to a synchronous message for: https://twitter.com."
JavaScript error: https://abs.twimg.com/responsive-web/client-web/main.5f6657da.js, line 1: SyntaxError: Performance.measure: Given mark name, homeGraphQL-initial-request, is unknown
console.warn: LoginRecipes: "Falling back to a synchronous message for: https://twitter.com."
1678376438775	Marionette	INFO	Stopped listening on port 46113
JavaScript error: https://abs.twimg.com/responsive-web/client-web/vendor.6542017a.js, line 74: TypeError: can't access dead object
JavaScript error: https://abs.twimg.com/responsive-web/client-web/main.5f6657da.js, line 1: TypeError: can't access dead object
1678376463253	Marionette	INFO	Stopped listening on port 42861
Sandbox: Unexpected EOF, op 0 flags 00 path /proc/cpuinfo
1678376573454	geckodriver	INFO	Listening on 127.0.0.1:45177
1678376574539	mozrunner::runner	INFO	Running command: "/usr/bin/firefox" "--marionette" "-no-remote" "-profile" "/tmp/rust_mozprofilegZKSh3"
console.warn: services.settings: Ignoring preference override of remote settings server
console.warn: services.settings: Allow by setting MOZ_REMOTE_SETTINGS_DEVTOOLS=1 in the environment
1678376581071	Marionette	INFO	Marionette enabled
1678376581083	Marionette	INFO	Listening on port 39801
Read port: 39801
1678376582924	RemoteAgent	WARN	TLS certificate errors will be ignored for this session
console.error: ({})
console.warn: SearchSettings: "get: No settings file exists, new profile?" (new NotFoundError("Could not open the file at /tmp/rust_mozprofilegZKSh3/search.json.mozlz4", (void 0)))
console.error: (new TypeError("this._searchProviderInfo is null", "resource:///modules/SearchSERPTelemetry.sys.mjs", 461))
1678376652794	geckodriver	INFO	Listening on 127.0.0.1:49559
1678376653826	mozrunner::runner	INFO	Running command: "/usr/bin/firefox" "--marionette" "-no-remote" "-profile" "/tmp/rust_mozprofileA84BY4"
console.warn: services.settings: Ignoring preference override of remote settings server
console.warn: services.settings: Allow by setting MOZ_REMOTE_SETTINGS_DEVTOOLS=1 in the environment
1678376655147	Marionette	INFO	Stopped listening on port 39801
Sandbox: Unexpected EOF, op 0 flags 00 path /proc/cpuinfo
1678376659702	Marionette	INFO	Marionette enabled
1678376659709	Marionette	INFO	Listening on port 38231
Read port: 38231
1678376659884	RemoteAgent	WARN	TLS certificate errors will be ignored for this session
console.error: ({})
console.warn: SearchSettings: "get: No settings file exists, new profile?" (new NotFoundError("Could not open the file at /tmp/rust_mozprofileA84BY4/search.json.mozlz4", (void 0)))
console.error: (new TypeError("this._searchProviderInfo is null", "resource:///modules/SearchSERPTelemetry.sys.mjs", 461))
1678376718177	Marionette	INFO	Stopped listening on port 38231
*** UTM:SVC TimerManager:registerTimer called after profile-before-change notification. Ignoring timer registration for id: telemetry_modules_ping
1678376747350	geckodriver	INFO	Listening on 127.0.0.1:45441
1678376748391	mozrunner::runner	INFO	Running command: "/usr/bin/firefox" "--marionette" "-no-remote" "-profile" "/tmp/rust_mozprofile5PYyPQ"
console.warn: services.settings: Ignoring preference override of remote settings server
console.warn: services.settings: Allow by setting MOZ_REMOTE_SETTINGS_DEVTOOLS=1 in the environment
1678376758142	Marionette	INFO	Marionette enabled
1678376758150	Marionette	INFO	Listening on port 43095
Read port: 43095
1678376758320	RemoteAgent	WARN	TLS certificate errors will be ignored for this session
console.error: ({})
console.warn: SearchSettings: "get: No settings file exists, new profile?" (new NotFoundError("Could not open the file at /tmp/rust_mozprofile5PYyPQ/search.json.mozlz4", (void 0)))
console.error: (new TypeError("this._searchProviderInfo is null", "resource:///modules/SearchSERPTelemetry.sys.mjs", 461))
console.warn: LoginRecipes: "Falling back to a synchronous message for: https://accounts.google.com."
1678376864027	Marionette	INFO	Stopped listening on port 43095
1678376871466	geckodriver	INFO	Listening on 127.0.0.1:44671
1678376872354	mozrunner::runner	INFO	Running command: "/usr/bin/firefox" "--marionette" "-no-remote" "-profile" "/tmp/rust_mozprofileRJaAX9"
console.warn: services.settings: Ignoring preference override of remote settings server
console.warn: services.settings: Allow by setting MOZ_REMOTE_SETTINGS_DEVTOOLS=1 in the environment
1678376877377	Marionette	INFO	Marionette enabled
1678376877392	Marionette	INFO	Listening on port 41417
Read port: 41417
1678376877623	RemoteAgent	WARN	TLS certificate errors will be ignored for this session
console.error: ({})
console.warn: SearchSettings: "get: No settings file exists, new profile?" (new NotFoundError("Could not open the file at /tmp/rust_mozprofileRJaAX9/search.json.mozlz4", (void 0)))
console.error: (new TypeError("this._searchProviderInfo is null", "resource:///modules/SearchSERPTelemetry.sys.mjs", 461))
console.warn: LoginRecipes: "Falling back to a synchronous message for: https://twitter.com."
1678376926280	Marionette	INFO	Stopped listening on port 41417
1678376928575	geckodriver	INFO	Listening on 127.0.0.1:49685
1678376929602	mozrunner::runner	INFO	Running command: "/usr/bin/firefox" "--marionette" "-no-remote" "-profile" "/tmp/rust_mozprofile5hmP98"
console.warn: services.settings: Ignoring preference override of remote settings server
console.warn: services.settings: Allow by setting MOZ_REMOTE_SETTINGS_DEVTOOLS=1 in the environment
1678376935828	Marionette	INFO	Marionette enabled
1678376935836	Marionette	INFO	Listening on port 34309
Read port: 34309
1678376936007	RemoteAgent	WARN	TLS certificate errors will be ignored for this session
*** UTM:SVC TimerManager:registerTimer called after profile-before-change notification. Ignoring timer registration for id: telemetry_modules_ping
console.error: ({})
console.warn: SearchSettings: "get: No settings file exists, new profile?" (new NotFoundError("Could not open the file at /tmp/rust_mozprofile5hmP98/search.json.mozlz4", (void 0)))
console.error: (new TypeError("this._searchProviderInfo is null", "resource:///modules/SearchSERPTelemetry.sys.mjs", 461))
1678376976031	Marionette	INFO	Stopped listening on port 34309
1678377286465	geckodriver	INFO	Listening on 127.0.0.1:43139
1678377287493	mozrunner::runner	INFO	Running command: "/usr/bin/firefox" "--marionette" "-no-remote" "-profile" "/tmp/rust_mozprofileQuvsIt"
console.warn: services.settings: Ignoring preference override of remote settings server
console.warn: services.settings: Allow by setting MOZ_REMOTE_SETTINGS_DEVTOOLS=1 in the environment
1678377290468	Marionette	INFO	Marionette enabled
1678377290476	Marionette	INFO	Listening on port 43457
Read port: 43457
1678377290640	RemoteAgent	WARN	TLS certificate errors will be ignored for this session
console.error: ({})
console.warn: SearchSettings: "get: No settings file exists, new profile?" (new NotFoundError("Could not open the file at /tmp/rust_mozprofileQuvsIt/search.json.mozlz4", (void 0)))
console.warn: LoginRecipes: "Falling back to a synchronous message for: https://twitter.com."
console.warn: LoginRecipes: "Falling back to a synchronous message for: https://twitter.com."
console.warn: LoginRecipes: "Falling back to a synchronous message for: https://twitter.com."
console.warn: LoginRecipes: "Falling back to a synchronous message for: https://twitter.com."
1678377419586	Marionette	INFO	Stopped listening on port 43457
JavaScript error: https://abs.twimg.com/responsive-web/client-web/vendor.6542017a.js, line 74: TypeError: can't access dead object
JavaScript error: https://abs.twimg.com/responsive-web/client-web/main.5f6657da.js, line 1: TypeError: can't access dead object
Sandbox: Unexpected EOF, op 0 flags 00 path /proc/cpuinfo
1678377883783	geckodriver	INFO	Listening on 127.0.0.1:60405
1678377884793	mozrunner::runner	INFO	Running command: "/usr/bin/firefox" "--marionette" "-no-remote" "-profile" "/tmp/rust_mozprofileTkgpWC"
console.warn: services.settings: Ignoring preference override of remote settings server
console.warn: services.settings: Allow by setting MOZ_REMOTE_SETTINGS_DEVTOOLS=1 in the environment
1678377888090	Marionette	INFO	Marionette enabled
1678377888096	Marionette	INFO	Listening on port 42239
Read port: 42239
1678377888327	RemoteAgent	WARN	TLS certificate errors will be ignored for this session
console.error: ({})
console.warn: SearchSettings: "get: No settings file exists, new profile?" (new NotFoundError("Could not open the file at /tmp/rust_mozprofileTkgpWC/search.json.mozlz4", (void 0)))
console.warn: LoginRecipes: "Falling back to a synchronous message for: https://twitter.com."
console.warn: LoginRecipes: "Falling back to a synchronous message for: https://twitter.com."
console.warn: LoginRecipes: "Falling back to a synchronous message for: https://twitter.com."
console.warn: LoginRecipes: "Falling back to a synchronous message for: https://twitter.com."
console.warn: LoginRecipes: "Falling back to a synchronous message for: https://twitter.com."
console.error: "Error while calling actor 'pagestyle's method 'getApplied'" "node is null"
console.error: (new TypeError("node is null", "resource://devtools/server/actors/page-style.js", 572))
console.error: (new TypeError("parent is null", "resource://devtools/client/inspector/shared/style-change-tracker.js", 67))
TypeError: parent is null: canMutationImpactCurrentStyles@resource://devtools/client/inspector/shared/style-change-tracker.js:67:24
onMutations@resource://devtools/client/inspector/shared/style-change-tracker.js:84:41
_emit@resource://devtools/shared/event-emitter.js:242:32
emit@resource://devtools/shared/event-emitter.js:186:18
emit@resource://devtools/shared/event-emitter.js:330:18
getMutations@resource://devtools/client/fronts/walker.js:313:10

console.error: (new Error("Protocol error (TypeError): node is null from: server0.conn0.windowGlobal6442450956/pagestyle23 (resource://devtools/server/actors/page-style.js:572:5)", "resource://devtools/shared/protocol/Front.js", 383))
console.error: "Error while calling actor 'pagestyle's method 'getLayout'" "node is null"
console.error: (new TypeError("node is null", "resource://devtools/server/actors/page-style.js", 1007))
console.error: (new Error("Protocol error (TypeError): node is null from: server0.conn0.windowGlobal6442450956/pagestyle23 (resource://devtools/server/actors/page-style.js:1007:5)", "resource://devtools/shared/protocol/Front.js", 383))
console.warn: LoginRecipes: "Falling back to a synchronous message for: https://twitter.com."
JavaScript error: resource://devtools/client/inspector/rules/utils/utils.js, line 194: TypeError: rule is undefined
JavaScript error: resource://devtools/client/inspector/rules/utils/utils.js, line 194: TypeError: rule is undefined
JavaScript error: resource://devtools/client/inspector/rules/utils/utils.js, line 194: TypeError: rule is undefined
console.warn: LoginRecipes: "Falling back to a synchronous message for: https://twitter.com."
console.error: (new TypeError("parent is null", "resource://devtools/client/inspector/shared/style-change-tracker.js", 67))
TypeError: parent is null: canMutationImpactCurrentStyles@resource://devtools/client/inspector/shared/style-change-tracker.js:67:24
onMutations@resource://devtools/client/inspector/shared/style-change-tracker.js:84:41
_emit@resource://devtools/shared/event-emitter.js:242:32
emit@resource://devtools/shared/event-emitter.js:186:18
emit@resource://devtools/shared/event-emitter.js:330:18
getMutations@resource://devtools/client/fronts/walker.js:313:10

console.error: (new TypeError("nodeFront.walkerFront is null", "resource://devtools/client/inspector/markup/markup.js", 1012))
TypeError: nodeFront.walkerFront is null: _onNewSelection@resource://devtools/client/inspector/markup/markup.js:1012:7
_emit@resource://devtools/shared/event-emitter.js:242:32
emit@resource://devtools/shared/event-emitter.js:186:18
emit@resource://devtools/shared/event-emitter.js:330:18
setNodeFront@resource://devtools/client/framework/selection.js:203:10
onDetached@resource://devtools/client/inspector/inspector.js:1685:20
_emit@resource://devtools/shared/event-emitter.js:242:32
emit@resource://devtools/shared/event-emitter.js:186:18
emit@resource://devtools/shared/event-emitter.js:330:18
_onMutations@resource://devtools/client/framework/selection.js:104:12
_emit@resource://devtools/shared/event-emitter.js:242:32
emit@resource://devtools/shared/event-emitter.js:186:18
emit@resource://devtools/shared/event-emitter.js:330:18
getMutations@resource://devtools/client/fronts/walker.js:313:10

console.error: (new Error("Can not send request 'getUniqueSelector' because front 'domnode' is already destroyed.", "resource://devtools/shared/protocol/Front/FrontClassWithSpec.js", 28))
console.warn: LoginRecipes: "Falling back to a synchronous message for: https://twitter.com."
console.error: (new TypeError("parent is null", "resource://devtools/client/inspector/shared/style-change-tracker.js", 67))
TypeError: parent is null: canMutationImpactCurrentStyles@resource://devtools/client/inspector/shared/style-change-tracker.js:67:24
onMutations@resource://devtools/client/inspector/shared/style-change-tracker.js:84:41
_emit@resource://devtools/shared/event-emitter.js:242:32
emit@resource://devtools/shared/event-emitter.js:186:18
emit@resource://devtools/shared/event-emitter.js:330:18
getMutations@resource://devtools/client/fronts/walker.js:313:10

1678378072365	geckodriver	INFO	Listening on 127.0.0.1:57739
1678378073394	mozrunner::runner	INFO	Running command: "/usr/bin/firefox" "--marionette" "-no-remote" "-profile" "/tmp/rust_mozprofileiFbLRL"
console.warn: services.settings: Ignoring preference override of remote settings server
console.warn: services.settings: Allow by setting MOZ_REMOTE_SETTINGS_DEVTOOLS=1 in the environment
JavaScript error: resource://gre/modules/AsyncShutdown.sys.mjs, line 576: NotFoundError: No such JSWindowActor 'DevToolsFrame'
JavaScript error: resource://gre/modules/AsyncShutdown.sys.mjs, line 576: NotFoundError: No such JSWindowActor 'DevToolsFrame'
1678378074553	Marionette	INFO	Stopped listening on port 42239
1678378077157	Marionette	INFO	Marionette enabled
1678378077164	Marionette	INFO	Listening on port 43587
Read port: 43587
1678378077361	RemoteAgent	WARN	TLS certificate errors will be ignored for this session
console.error: ({})
console.warn: SearchSettings: "get: No settings file exists, new profile?" (new NotFoundError("Could not open the file at /tmp/rust_mozprofileiFbLRL/search.json.mozlz4", (void 0)))
console.warn: LoginRecipes: "Falling back to a synchronous message for: https://twitter.com."
console.warn: LoginRecipes: "Falling back to a synchronous message for: https://twitter.com."
console.warn: LoginRecipes: "Falling back to a synchronous message for: https://twitter.com."
console.warn: LoginRecipes: "Falling back to a synchronous message for: https://twitter.com."
console.warn: LoginRecipes: "Falling back to a synchronous message for: https://twitter.com."
1678378148045	Marionette	INFO	Stopped listening on port 43587
JavaScript error: https://abs.twimg.com/responsive-web/client-web/vendor.6542017a.js, line 74: TypeError: can't access dead object
JavaScript error: https://abs.twimg.com/responsive-web/client-web/main.5f6657da.js, line 1: TypeError: can't access dead object
1678379346763	geckodriver	INFO	Listening on 127.0.0.1:49405
1678379347791	mozrunner::runner	INFO	Running command: "/usr/bin/firefox" "--marionette" "-no-remote" "-profile" "/tmp/rust_mozprofilex8Gk7z"
console.warn: services.settings: Ignoring preference override of remote settings server
console.warn: services.settings: Allow by setting MOZ_REMOTE_SETTINGS_DEVTOOLS=1 in the environment
1678379350977	Marionette	INFO	Marionette enabled
1678379350984	Marionette	INFO	Listening on port 38683
Read port: 38683
1678379351150	RemoteAgent	WARN	TLS certificate errors will be ignored for this session
console.error: ({})
console.warn: SearchSettings: "get: No settings file exists, new profile?" (new NotFoundError("Could not open the file at /tmp/rust_mozprofilex8Gk7z/search.json.mozlz4", (void 0)))
console.error: (new TypeError("this._searchProviderInfo is null", "resource:///modules/SearchSERPTelemetry.sys.mjs", 461))
console.warn: LoginRecipes: "Falling back to a synchronous message for: https://twitter.com."
console.warn: LoginRecipes: "Falling back to a synchronous message for: https://twitter.com."
console.warn: LoginRecipes: "Falling back to a synchronous message for: https://twitter.com."
console.warn: LoginRecipes: "Falling back to a synchronous message for: https://twitter.com."
console.warn: LoginRecipes: "Falling back to a synchronous message for: https://twitter.com."
1678379608416	Marionette	INFO	Stopped listening on port 38683
1678379611090	geckodriver	INFO	Listening on 127.0.0.1:51197
Sandbox: Unexpected EOF, op 0 flags 00 path /proc/cpuinfo
1678379612075	mozrunner::runner	INFO	Running command: "/usr/bin/firefox" "--marionette" "-no-remote" "-profile" "/tmp/rust_mozprofilePK2Lof"
console.warn: services.settings: Ignoring preference override of remote settings server
console.warn: services.settings: Allow by setting MOZ_REMOTE_SETTINGS_DEVTOOLS=1 in the environment
1678379617812	Marionette	INFO	Marionette enabled
1678379617821	Marionette	INFO	Listening on port 33651
Read port: 33651
1678379617985	RemoteAgent	WARN	TLS certificate errors will be ignored for this session
console.error: ({})
console.warn: SearchSettings: "get: No settings file exists, new profile?" (new NotFoundError("Could not open the file at /tmp/rust_mozprofilePK2Lof/search.json.mozlz4", (void 0)))
console.error: (new TypeError("this._searchProviderInfo is null", "resource:///modules/SearchSERPTelemetry.sys.mjs", 461))
console.warn: LoginRecipes: "Falling back to a synchronous message for: https://twitter.com."
console.warn: LoginRecipes: "Falling back to a synchronous message for: https://twitter.com."
console.warn: LoginRecipes: "Falling back to a synchronous message for: https://twitter.com."
console.warn: LoginRecipes: "Falling back to a synchronous message for: https://twitter.com."
console.warn: LoginRecipes: "Falling back to a synchronous message for: https://twitter.com."
console.warn: LoginRecipes: "Falling back to a synchronous message for: https://twitter.com."
1678379710154	Marionette	INFO	Stopped listening on port 33651
JavaScript error: https://abs.twimg.com/responsive-web/client-web/vendor.6542017a.js, line 74: TypeError: can't access dead object
JavaScript error: https://abs.twimg.com/responsive-web/client-web/main.5f6657da.js, line 1: TypeError: can't access dead object
Sandbox: Unexpected EOF, op 0 flags 00 path /proc/cpuinfo
